#
# An unexpected error has been detected by Java Runtime Environment:
#
#  Internal Error (434C41535326494C453041525345520E4350500B65), pid=6272, tid=3388
#
# Java VM: Java HotSpot(TM) Client VM (1.6.0_02-b06 mixed mode)
# If you would like to submit a bug report, please visit:
#   http://java.sun.com/webapps/bugreport/crash.jsp
#

---------------  T H R E A D  ---------------

Current thread (0x023dec00):  JavaThread "Unknown thread" [_thread_in_vm, id=3388]

Stack: [0x005c0000,0x00610000)
[error occurred during error reporting, step 110, id 0xc00000fd]

Native frames: (J=compiled Java code, j=interpreted, Vv=VM code, C=native code)
C  [javaw.exe+0xc4fc]
C  [javaw.exe+0x81b5]
C  [kernel32.dll+0x133aa]
C  [ntdll.dll+0x39ef2]
C  [ntdll.dll+0x39ec5]


---------------  P R O C E S S  ---------------

Java Threads: ( => current thread )

Other Threads:

VM state:not at safepoint (not fully initilizated)

VM Mutex/Monitor currently owned by a thread: None

Heap
 def new generation   total 960K, used 0K [0x04540000, 0x04640000, 0x04a20000)
  eden space 896K,   0% used [0x04540000, 0x04540000, 0x04620000)
  from space 64K,   0% used [0x04620000, 0x04620000, 0x04630000)
  to   space 64K,   0% used [0x04630000, 0x04630000, 0x04640000)
 tenured generation   total 4096K, used 0K [0x04a20000, 0x04e20000, 0x08540000)
   the space 4096K,   0% used [0x04a20000, 0x04a20000, 0x04a20200, 0x04e20000)
 compacting perm gen  total 12288K, used 100K [0x08540000, 0x09140000, 0x0c540000)
   the space 12288K,   0% used [0x08540000, 0x08559300, 0x08559400, 0x09140000)
No shared spaces configured.

Dynamic libraries:
0x00400000 - 0x00423000 	C:\Program Files (x86)\Java\jre1.6.0_02\bin\javaw.exe
0x77ce0000 - 0x77e60000 	C:\Windows\SysWOW64\ntdll.dll
0x770e0000 - 0x771f0000 	C:\Windows\syswow64\kernel32.dll
0x76c90000 - 0x76cd7000 	C:\Windows\syswow64\KERNELBASE.dll
0x77740000 - 0x777e0000 	C:\Windows\syswow64\ADVAPI32.dll
0x75850000 - 0x758fc000 	C:\Windows\syswow64\msvcrt.dll
0x76db0000 - 0x76dc9000 	C:\Windows\SysWOW64\sechost.dll
0x75930000 - 0x75a20000 	C:\Windows\syswow64\RPCRT4.dll
0x75740000 - 0x757a0000 	C:\Windows\syswow64\SspiCli.dll
0x75730000 - 0x7573c000 	C:\Windows\syswow64\CRYPTBASE.dll
0x777e0000 - 0x778e0000 	C:\Windows\syswow64\USER32.dll
0x767a0000 - 0x76830000 	C:\Windows\syswow64\GDI32.dll
0x76ff0000 - 0x76ffa000 	C:\Windows\syswow64\LPK.dll
0x76830000 - 0x768cd000 	C:\Windows\syswow64\USP10.dll
0x76d40000 - 0x76da0000 	C:\Windows\system32\IMM32.DLL
0x774b0000 - 0x7757c000 	C:\Windows\syswow64\MSCTF.dll
0x7c340000 - 0x7c396000 	C:\Program Files (x86)\Java\jre1.6.0_02\bin\msvcr71.dll
0x6d7c0000 - 0x6da09000 	C:\Program Files (x86)\Java\jre1.6.0_02\bin\client\jvm.dll
0x741d0000 - 0x74202000 	C:\Windows\system32\WINMM.dll
0x72be0000 - 0x72c2c000 	C:\Windows\system32\apphelp.dll
0x6d310000 - 0x6d318000 	C:\Program Files (x86)\Java\jre1.6.0_02\bin\hpi.dll
0x75a20000 - 0x75a25000 	C:\Windows\syswow64\PSAPI.DLL
0x6d770000 - 0x6d77c000 	C:\Program Files (x86)\Java\jre1.6.0_02\bin\verify.dll
0x6d3b0000 - 0x6d3cf000 	C:\Program Files (x86)\Java\jre1.6.0_02\bin\java.dll
0x6d7b0000 - 0x6d7bf000 	C:\Program Files (x86)\Java\jre1.6.0_02\bin\zip.dll

VM Arguments:
jvm_args: -Dfile.encoding=Cp1252 -Xbootclasspath:C:\Users\Angela\Desktop\adt-bundle-windows-x86-20130219\adt-bundle-windows-x86-20130219\sdk\platforms\android-17\android.jar
java_command: com.totoro.incardisplay.simulations.JSONOutput
Launcher Type: SUN_STANDARD

Environment Variables:
CLASSPATH=.;C:\Program Files (x86)\Java\jre7\lib\ext\QTJava.zip
PATH=C:/Program Files (x86)/bin/client;C:/Program Files (x86)/bin;C:/Program Files (x86)/lib/i386;C:\Program Files\Common Files\Microsoft Shared\Windows Live;C:\Program Files (x86)\Common Files\Microsoft Shared\Windows Live;C:\Windows\system32;C:\Windows;C:\Windows\System32\Wbem;C:\Windows\System32\WindowsPowerShell\v1.0\;C:\Program Files (x86)\Intel\OpenCL SDK\2.0\bin\x86;C:\Program Files (x86)\Intel\OpenCL SDK\2.0\bin\x64;C:\Program Files\Intel\WiFi\bin\;C:\Program Files\Common Files\Intel\WirelessCommon\;C:\Program Files\VanDyke Software\Clients\;C:\Program Files (x86)\QuickTime\QTSystem\;C:\Program Files (x86)\Windows Live\Shared;C:\Program Files (x86)\MiKTeX 2.9\miktex\bin\;C:\vagrant\vagrant\bin;C:\Program Files (x86)\Heroku\bin;C:\Program Files (x86)\git\cmd;C:\Program Files\Intel\WiFi\bin\;C:\Program Files\Common Files\Intel\WirelessCommon\;C:\Users\Angela\Desktop\adt-bundle-windows-x86-20130219\adt-bundle-windows-x86-20130219\eclipse;
USERNAME=Angela
OS=Windows_NT
PROCESSOR_IDENTIFIER=Intel64 Family 6 Model 58 Stepping 9, GenuineIntel



---------------  S Y S T E M  ---------------

OS: Windows NT 6.1 Build 7601 Service Pack 1

CPU:total 4 (8 cores per cpu, 2 threads per core) family 6 model 10 stepping 9, cmov, cx8, fxsr, mmx, sse, sse2, sse3, ssse3, ht

Memory: 4k page, physical 4194303k(3071352k free), swap 4194303k(4194303k free)

vm_info: Java HotSpot(TM) Client VM (1.6.0_02-b06) for windows-x86, built on Jul 12 2007 01:16:14 by "java_re" with unknown MS VC++:1310

